c:\users\cmuzz\source\repos\garrettadams52\cse687_project1\mapreduce\mapreduce\x64\debug\vc143.pdb
c:\users\cmuzz\source\repos\garrettadams52\cse687_project1\mapreduce\mapreduce\x64\debug\vc143.idb
c:\users\cmuzz\source\repos\garrettadams52\cse687_project1\mapreduce\mapreduce\x64\debug\workflow.obj
c:\users\cmuzz\source\repos\garrettadams52\cse687_project1\mapreduce\mapreduce\x64\debug\sort.obj
c:\users\cmuzz\source\repos\garrettadams52\cse687_project1\mapreduce\mapreduce\x64\debug\reduce.obj
c:\users\cmuzz\source\repos\garrettadams52\cse687_project1\mapreduce\mapreduce\x64\debug\main.obj
c:\users\cmuzz\source\repos\garrettadams52\cse687_project1\mapreduce\mapreduce\x64\debug\filemanagement.obj
c:\users\cmuzz\source\repos\garrettadams52\cse687_project1\mapreduce\mapreduce\x64\debug\executive.obj
c:\users\cmuzz\source\repos\garrettadams52\cse687_project1\mapreduce\x64\debug\mapreduce.pdb
c:\users\cmuzz\source\repos\garrettadams52\cse687_project1\mapreduce\mapreduce\x64\debug\mapreduce.tlog\cl.command.1.tlog
c:\users\cmuzz\source\repos\garrettadams52\cse687_project1\mapreduce\mapreduce\x64\debug\mapreduce.tlog\cl.read.1.tlog
c:\users\cmuzz\source\repos\garrettadams52\cse687_project1\mapreduce\mapreduce\x64\debug\mapreduce.tlog\cl.write.1.tlog
c:\users\cmuzz\source\repos\garrettadams52\cse687_project1\mapreduce\mapreduce\x64\debug\mapreduce.tlog\link-cvtres.read.1.tlog
c:\users\cmuzz\source\repos\garrettadams52\cse687_project1\mapreduce\mapreduce\x64\debug\mapreduce.tlog\link-cvtres.write.1.tlog
c:\users\cmuzz\source\repos\garrettadams52\cse687_project1\mapreduce\mapreduce\x64\debug\mapreduce.tlog\link-rc.read.1.tlog
c:\users\cmuzz\source\repos\garrettadams52\cse687_project1\mapreduce\mapreduce\x64\debug\mapreduce.tlog\link-rc.write.1.tlog
c:\users\cmuzz\source\repos\garrettadams52\cse687_project1\mapreduce\mapreduce\x64\debug\mapreduce.tlog\link.command.1.tlog
c:\users\cmuzz\source\repos\garrettadams52\cse687_project1\mapreduce\mapreduce\x64\debug\mapreduce.tlog\link.read.1.tlog
c:\users\cmuzz\source\repos\garrettadams52\cse687_project1\mapreduce\mapreduce\x64\debug\mapreduce.tlog\link.read.2.tlog
c:\users\cmuzz\source\repos\garrettadams52\cse687_project1\mapreduce\mapreduce\x64\debug\mapreduce.tlog\link.write.1.tlog
